# JRE version: OpenJDK Runtime Environment (8.0_242-b01) (build 1.8.0_242-release-1644-b01)
# Java VM: OpenJDK 64-Bit Server VM (25.242-b01 mixed mode windows-amd64 compressed oops)
Heap:
 PSYoungGen      total 482304K, used 84807K [0x00000000e0000000, 0x00000000ffb00000, 0x0000000100000000)
  eden space 446464K, 16% used [0x00000000e0000000,0x00000000e4914f38,0x00000000fb400000)
  from space 35840K, 27% used [0x00000000fb400000,0x00000000fbdbcf20,0x00000000fd700000)
  to   space 34304K, 0% used [0x00000000fd980000,0x00000000fd980000,0x00000000ffb00000)
 ParOldGen       total 141824K, used 103169K [0x00000000a0000000, 0x00000000a8a80000, 0x00000000e0000000)
  object space 141824K, 72% used [0x00000000a0000000,0x00000000a64c06b8,0x00000000a8a80000)
 Metaspace       used 106318K, capacity 111170K, committed 111320K, reserved 1146880K
  class space    used 13459K, capacity 14519K, committed 14592K, reserved 1048576K
GC Heap History (10 events):
Event: 430.789 GC heap before
{Heap before GC invocations=28 (full 4):
 PSYoungGen      total 483328K, used 482868K [0x00000000e0000000, 0x0000000100000000, 0x0000000100000000)
  eden space 451584K, 100% used [0x00000000e0000000,0x00000000fb900000,0x00000000fb900000)
  from space 31744K, 98% used [0x00000000fb900000,0x00000000fd78d310,0x00000000fd800000)
  to   space 40448K, 0% used [0x00000000fd880000,0x00000000fd880000,0x0000000100000000)
 ParOldGen       total 104448K, used 86673K [0x00000000a0000000, 0x00000000a6600000, 0x00000000e0000000)
  object space 104448K, 82% used [0x00000000a0000000,0x00000000a54a4468,0x00000000a6600000)
 Metaspace       used 94576K, capacity 98766K, committed 99032K, reserved 1134592K
  class space    used 12107K, capacity 13016K, committed 13056K, reserved 1048576K
Event: 434.002 GC heap after
Heap after GC invocations=28 (full 4):
 PSYoungGen      total 484864K, used 7087K [0x00000000e0000000, 0x0000000100000000, 0x0000000100000000)
  eden space 444416K, 0% used [0x00000000e0000000,0x00000000e0000000,0x00000000fb200000)
  from space 40448K, 17% used [0x00000000fd880000,0x00000000fdf6bfb8,0x0000000100000000)
  to   space 39424K, 0% used [0x00000000fb200000,0x00000000fb200000,0x00000000fd880000)
 ParOldGen       total 112128K, used 112048K [0x00000000a0000000, 0x00000000a6d80000, 0x00000000e0000000)
  object space 112128K, 99% used [0x00000000a0000000,0x00000000a6d6c010,0x00000000a6d80000)
 Metaspace       used 94576K, capacity 98766K, committed 99032K, reserved 1134592K
  class space    used 12107K, capacity 13016K, committed 13056K, reserved 1048576K
}
Event: 434.045 GC heap before
{Heap before GC invocations=29 (full 5):
 PSYoungGen      total 484864K, used 7087K [0x00000000e0000000, 0x0000000100000000, 0x0000000100000000)
  eden space 444416K, 0% used [0x00000000e0000000,0x00000000e0000000,0x00000000fb200000)
  from space 40448K, 17% used [0x00000000fd880000,0x00000000fdf6bfb8,0x0000000100000000)
  to   space 39424K, 0% used [0x00000000fb200000,0x00000000fb200000,0x00000000fd880000)
 ParOldGen       total 112128K, used 112048K [0x00000000a0000000, 0x00000000a6d80000, 0x00000000e0000000)
  object space 112128K, 99% used [0x00000000a0000000,0x00000000a6d6c010,0x00000000a6d80000)
 Metaspace       used 94576K, capacity 98766K, committed 99032K, reserved 1134592K
  class space    used 12107K, capacity 13016K, committed 13056K, reserved 1048576K
Event: 445.301 GC heap after
Heap after GC invocations=29 (full 5):
 PSYoungGen      total 484864K, used 0K [0x00000000e0000000, 0x0000000100000000, 0x0000000100000000)
  eden space 444416K, 0% used [0x00000000e0000000,0x00000000e0000000,0x00000000fb200000)
  from space 40448K, 0% used [0x00000000fd880000,0x00000000fd880000,0x0000000100000000)
  to   space 39424K, 0% used [0x00000000fb200000,0x00000000fb200000,0x00000000fd880000)
 ParOldGen       total 141824K, used 85619K [0x00000000a0000000, 0x00000000a8a80000, 0x00000000e0000000)
  object space 141824K, 60% used [0x00000000a0000000,0x00000000a539ce60,0x00000000a8a80000)
 Metaspace       used 94559K, capacity 98732K, committed 99032K, reserved 1134592K
  class space    used 12101K, capacity 13005K, committed 13056K, reserved 1048576K
}
Event: 447.742 GC heap before
{Heap before GC invocations=30 (full 5):
 PSYoungGen      total 484864K, used 444416K [0x00000000e0000000, 0x0000000100000000, 0x0000000100000000)
  eden space 444416K, 100% used [0x00000000e0000000,0x00000000fb200000,0x00000000fb200000)
  from space 40448K, 0% used [0x00000000fd880000,0x00000000fd880000,0x0000000100000000)
  to   space 39424K, 0% used [0x00000000fb200000,0x00000000fb200000,0x00000000fd880000)
 ParOldGen       total 141824K, used 85619K [0x00000000a0000000, 0x00000000a8a80000, 0x00000000e0000000)
  object space 141824K, 60% used [0x00000000a0000000,0x00000000a539ce60,0x00000000a8a80000)
 Metaspace       used 94563K, capacity 98732K, committed 99032K, reserved 1134592K
  class space    used 12102K, capacity 13005K, committed 13056K, reserved 1048576K
Event: 447.778 GC heap after
Heap after GC invocations=30 (full 5):
 PSYoungGen      total 454144K, used 9527K [0x00000000e0000000, 0x00000000ffc00000, 0x0000000100000000)
  eden space 444416K, 0% used [0x00000000e0000000,0x00000000e0000000,0x00000000fb200000)
  from space 9728K, 97% used [0x00000000fb200000,0x00000000fbb4dd40,0x00000000fbb80000)
  to   space 37888K, 0% used [0x00000000fd700000,0x00000000fd700000,0x00000000ffc00000)
 ParOldGen       total 141824K, used 85619K [0x00000000a0000000, 0x00000000a8a80000, 0x00000000e0000000)
  object space 141824K, 60% used [0x00000000a0000000,0x00000000a539ce60,0x00000000a8a80000)
 Metaspace       used 94563K, capacity 98732K, committed 99032K, reserved 1134592K
  class space    used 12102K, capacity 13005K, committed 13056K, reserved 1048576K
}
Event: 461.686 GC heap before
{Heap before GC invocations=31 (full 5):
 PSYoungGen      total 454144K, used 453943K [0x00000000e0000000, 0x00000000ffc00000, 0x0000000100000000)
  eden space 444416K, 100% used [0x00000000e0000000,0x00000000fb200000,0x00000000fb200000)
  from space 9728K, 97% used [0x00000000fb200000,0x00000000fbb4dd40,0x00000000fbb80000)
  to   space 37888K, 0% used [0x00000000fd700000,0x00000000fd700000,0x00000000ffc00000)
 ParOldGen       total 141824K, used 85619K [0x00000000a0000000, 0x00000000a8a80000, 0x00000000e0000000)
  object space 141824K, 60% used [0x00000000a0000000,0x00000000a539ce60,0x00000000a8a80000)
 Metaspace       used 96495K, capacity 100810K, committed 101080K, reserved 1136640K
  class space    used 12350K, capacity 13294K, committed 13312K, reserved 1048576K
Event: 461.760 GC heap after
Heap after GC invocations=31 (full 5):
 PSYoungGen      total 484352K, used 13215K [0x00000000e0000000, 0x0000000100000000, 0x0000000100000000)
  eden space 446464K, 0% used [0x00000000e0000000,0x00000000e0000000,0x00000000fb400000)
  from space 37888K, 34% used [0x00000000fd700000,0x00000000fe3e7c60,0x00000000ffc00000)
  to   space 35840K, 0% used [0x00000000fb400000,0x00000000fb400000,0x00000000fd700000)
 ParOldGen       total 141824K, used 95009K [0x00000000a0000000, 0x00000000a8a80000, 0x00000000e0000000)
  object space 141824K, 66% used [0x00000000a0000000,0x00000000a5cc86b0,0x00000000a8a80000)
 Metaspace       used 96495K, capacity 100810K, committed 101080K, reserved 1136640K
  class space    used 12350K, capacity 13294K, committed 13312K, reserved 1048576K
}
Event: 559.082 GC heap before
{Heap before GC invocations=32 (full 5):
 PSYoungGen      total 484352K, used 459679K [0x00000000e0000000, 0x0000000100000000, 0x0000000100000000)
  eden space 446464K, 100% used [0x00000000e0000000,0x00000000fb400000,0x00000000fb400000)
  from space 37888K, 34% used [0x00000000fd700000,0x00000000fe3e7c60,0x00000000ffc00000)
  to   space 35840K, 0% used [0x00000000fb400000,0x00000000fb400000,0x00000000fd700000)
 ParOldGen       total 141824K, used 95009K [0x00000000a0000000, 0x00000000a8a80000, 0x00000000e0000000)
  object space 141824K, 66% used [0x00000000a0000000,0x00000000a5cc86b0,0x00000000a8a80000)
 Metaspace       used 104162K, capacity 108824K, committed 108888K, reserved 1144832K
  class space    used 13193K, capacity 14176K, committed 14208K, reserved 1048576K
Event: 559.227 GC heap after
Heap after GC invocations=32 (full 5):
 PSYoungGen      total 482304K, used 9971K [0x00000000e0000000, 0x00000000ffb00000, 0x0000000100000000)
  eden space 446464K, 0% used [0x00000000e0000000,0x00000000e0000000,0x00000000fb400000)
  from space 35840K, 27% used [0x00000000fb400000,0x00000000fbdbcf20,0x00000000fd700000)
  to   space 34304K, 0% used [0x00000000fd980000,0x00000000fd980000,0x00000000ffb00000)
 ParOldGen       total 141824K, used 103169K [0x00000000a0000000, 0x00000000a8a80000, 0x00000000e0000000)
  object space 141824K, 72% used [0x00000000a0000000,0x00000000a64c06b8,0x00000000a8a80000)
 Metaspace       used 104162K, capacity 108824K, committed 108888K, reserved 1144832K
  class space    used 13193K, capacity 14176K, committed 14208K, reserved 1048576K
}

