# JRE version: OpenJDK Runtime Environment (8.0_242-b01) (build 1.8.0_242-release-1644-b01)
# Java VM: OpenJDK 64-Bit Server VM (25.242-b01 mixed mode windows-amd64 compressed oops)
Heap:
 PSYoungGen      total 157184K, used 146432K [0x0000000760000000, 0x000000076e680000, 0x00000007c0000000)
  eden space 146432K, 100% used [0x0000000760000000,0x0000000768f00000,0x0000000768f00000)
  from space 10752K, 0% used [0x0000000768f00000,0x0000000768f00000,0x0000000769980000)
  to   space 11264K, 66% used [0x000000076db80000,0x000000076e2d8030,0x000000076e680000)
 ParOldGen       total 38912K, used 18405K [0x00000006a0000000, 0x00000006a2600000, 0x0000000760000000)
  object space 38912K, 47% used [0x00000006a0000000,0x00000006a11f9790,0x00000006a2600000)
 Metaspace       used 43858K, capacity 45542K, committed 45864K, reserved 1089536K
  class space    used 5928K, capacity 6377K, committed 6440K, reserved 1048576K
GC Heap History (10 events):
Event: 36.056 GC heap after
Heap after GC invocations=9 (full 0):
 PSYoungGen      total 102912K, used 3770K [0x0000000760000000, 0x000000076a400000, 0x00000007c0000000)
  eden space 93184K, 0% used [0x0000000760000000,0x0000000760000000,0x0000000765b00000)
  from space 9728K, 38% used [0x0000000765b00000,0x0000000765eae9d0,0x0000000766480000)
  to   space 9216K, 0% used [0x0000000769b00000,0x0000000769b00000,0x000000076a400000)
 ParOldGen       total 32768K, used 10636K [0x00000006a0000000, 0x00000006a2000000, 0x0000000760000000)
  object space 32768K, 32% used [0x00000006a0000000,0x00000006a0a63160,0x00000006a2000000)
 Metaspace       used 20560K, capacity 21226K, committed 21296K, reserved 1067008K
  class space    used 2886K, capacity 3095K, committed 3120K, reserved 1048576K
}
Event: 36.056 GC heap before
{Heap before GC invocations=10 (full 1):
 PSYoungGen      total 102912K, used 3770K [0x0000000760000000, 0x000000076a400000, 0x00000007c0000000)
  eden space 93184K, 0% used [0x0000000760000000,0x0000000760000000,0x0000000765b00000)
  from space 9728K, 38% used [0x0000000765b00000,0x0000000765eae9d0,0x0000000766480000)
  to   space 9216K, 0% used [0x0000000769b00000,0x0000000769b00000,0x000000076a400000)
 ParOldGen       total 32768K, used 10636K [0x00000006a0000000, 0x00000006a2000000, 0x0000000760000000)
  object space 32768K, 32% used [0x00000006a0000000,0x00000006a0a63160,0x00000006a2000000)
 Metaspace       used 20560K, capacity 21226K, committed 21296K, reserved 1067008K
  class space    used 2886K, capacity 3095K, committed 3120K, reserved 1048576K
Event: 36.824 GC heap after
Heap after GC invocations=10 (full 1):
 PSYoungGen      total 102912K, used 0K [0x0000000760000000, 0x000000076a400000, 0x00000007c0000000)
  eden space 93184K, 0% used [0x0000000760000000,0x0000000760000000,0x0000000765b00000)
  from space 9728K, 0% used [0x0000000765b00000,0x0000000765b00000,0x0000000766480000)
  to   space 9216K, 0% used [0x0000000769b00000,0x0000000769b00000,0x000000076a400000)
 ParOldGen       total 25600K, used 8466K [0x00000006a0000000, 0x00000006a1900000, 0x0000000760000000)
  object space 25600K, 33% used [0x00000006a0000000,0x00000006a0844b28,0x00000006a1900000)
 Metaspace       used 20560K, capacity 21226K, committed 21296K, reserved 1067008K
  class space    used 2886K, capacity 3095K, committed 3120K, reserved 1048576K
}
Event: 43.298 GC heap before
{Heap before GC invocations=11 (full 1):
 PSYoungGen      total 102912K, used 93184K [0x0000000760000000, 0x000000076a400000, 0x00000007c0000000)
  eden space 93184K, 100% used [0x0000000760000000,0x0000000765b00000,0x0000000765b00000)
  from space 9728K, 0% used [0x0000000765b00000,0x0000000765b00000,0x0000000766480000)
  to   space 9216K, 0% used [0x0000000769b00000,0x0000000769b00000,0x000000076a400000)
 ParOldGen       total 25600K, used 8466K [0x00000006a0000000, 0x00000006a1900000, 0x0000000760000000)
  object space 25600K, 33% used [0x00000006a0000000,0x00000006a0844b28,0x00000006a1900000)
 Metaspace       used 30651K, capacity 31406K, committed 31536K, reserved 1077248K
  class space    used 4127K, capacity 4370K, committed 4400K, reserved 1048576K
Event: 43.387 GC heap after
Heap after GC invocations=11 (full 1):
 PSYoungGen      total 151552K, used 9213K [0x0000000760000000, 0x000000076a400000, 0x00000007c0000000)
  eden space 142336K, 0% used [0x0000000760000000,0x0000000760000000,0x0000000768b00000)
  from space 9216K, 99% used [0x0000000769b00000,0x000000076a3ff608,0x000000076a400000)
  to   space 10752K, 0% used [0x0000000768f00000,0x0000000768f00000,0x0000000769980000)
 ParOldGen       total 25600K, used 9499K [0x00000006a0000000, 0x00000006a1900000, 0x0000000760000000)
  object space 25600K, 37% used [0x00000006a0000000,0x00000006a0946c68,0x00000006a1900000)
 Metaspace       used 30651K, capacity 31406K, committed 31536K, reserved 1077248K
  class space    used 4127K, capacity 4370K, committed 4400K, reserved 1048576K
}
Event: 51.071 GC heap before
{Heap before GC invocations=12 (full 1):
 PSYoungGen      total 151552K, used 88503K [0x0000000760000000, 0x000000076a400000, 0x00000007c0000000)
  eden space 142336K, 55% used [0x0000000760000000,0x0000000764d6e6d8,0x0000000768b00000)
  from space 9216K, 99% used [0x0000000769b00000,0x000000076a3ff608,0x000000076a400000)
  to   space 10752K, 0% used [0x0000000768f00000,0x0000000768f00000,0x0000000769980000)
 ParOldGen       total 25600K, used 9499K [0x00000006a0000000, 0x00000006a1900000, 0x0000000760000000)
  object space 25600K, 37% used [0x00000006a0000000,0x00000006a0946c68,0x00000006a1900000)
 Metaspace       used 34465K, capacity 35426K, committed 35496K, reserved 1079296K
  class space    used 4697K, capacity 4976K, committed 5032K, reserved 1048576K
Event: 51.127 GC heap after
Heap after GC invocations=12 (full 1):
 PSYoungGen      total 157184K, used 7958K [0x0000000760000000, 0x000000076e680000, 0x00000007c0000000)
  eden space 146432K, 0% used [0x0000000760000000,0x0000000760000000,0x0000000768f00000)
  from space 10752K, 74% used [0x0000000768f00000,0x00000007696c5b70,0x0000000769980000)
  to   space 11264K, 0% used [0x000000076db80000,0x000000076db80000,0x000000076e680000)
 ParOldGen       total 25600K, used 13559K [0x00000006a0000000, 0x00000006a1900000, 0x0000000760000000)
  object space 25600K, 52% used [0x00000006a0000000,0x00000006a0d3dc80,0x00000006a1900000)
 Metaspace       used 34465K, capacity 35426K, committed 35496K, reserved 1079296K
  class space    used 4697K, capacity 4976K, committed 5032K, reserved 1048576K
}
Event: 51.132 GC heap before
{Heap before GC invocations=13 (full 2):
 PSYoungGen      total 157184K, used 7958K [0x0000000760000000, 0x000000076e680000, 0x00000007c0000000)
  eden space 146432K, 0% used [0x0000000760000000,0x0000000760000000,0x0000000768f00000)
  from space 10752K, 74% used [0x0000000768f00000,0x00000007696c5b70,0x0000000769980000)
  to   space 11264K, 0% used [0x000000076db80000,0x000000076db80000,0x000000076e680000)
 ParOldGen       total 25600K, used 13559K [0x00000006a0000000, 0x00000006a1900000, 0x0000000760000000)
  object space 25600K, 52% used [0x00000006a0000000,0x00000006a0d3dc80,0x00000006a1900000)
 Metaspace       used 34465K, capacity 35426K, committed 35496K, reserved 1079296K
  class space    used 4697K, capacity 4976K, committed 5032K, reserved 1048576K
Event: 51.407 GC heap after
Heap after GC invocations=13 (full 2):
 PSYoungGen      total 157184K, used 0K [0x0000000760000000, 0x000000076e680000, 0x00000007c0000000)
  eden space 146432K, 0% used [0x0000000760000000,0x0000000760000000,0x0000000768f00000)
  from space 10752K, 0% used [0x0000000768f00000,0x0000000768f00000,0x0000000769980000)
  to   space 11264K, 0% used [0x000000076db80000,0x000000076db80000,0x000000076e680000)
 ParOldGen       total 38912K, used 18397K [0x00000006a0000000, 0x00000006a2600000, 0x0000000760000000)
  object space 38912K, 47% used [0x00000006a0000000,0x00000006a11f7790,0x00000006a2600000)
 Metaspace       used 34465K, capacity 35426K, committed 35496K, reserved 1079296K
  class space    used 4697K, capacity 4976K, committed 5032K, reserved 1048576K
}
Event: 57.934 GC heap before
{Heap before GC invocations=14 (full 2):
 PSYoungGen      total 157184K, used 146432K [0x0000000760000000, 0x000000076e680000, 0x00000007c0000000)
  eden space 146432K, 100% used [0x0000000760000000,0x0000000768f00000,0x0000000768f00000)
  from space 10752K, 0% used [0x0000000768f00000,0x0000000768f00000,0x0000000769980000)
  to   space 11264K, 0% used [0x000000076db80000,0x000000076db80000,0x000000076e680000)
 ParOldGen       total 38912K, used 18397K [0x00000006a0000000, 0x00000006a2600000, 0x0000000760000000)
  object space 38912K, 47% used [0x00000006a0000000,0x00000006a11f7790,0x00000006a2600000)
 Metaspace       used 43858K, capacity 45542K, committed 45864K, reserved 1089536K
  class space    used 5928K, capacity 6377K, committed 6440K, reserved 1048576K

